20240311	10:53:52	07e7cf07-cc97-4fbd-a25a-4200cbe26bb8	GET	/	undefined
20240311	10:57:34	7664a76e-7669-4c03-b6ca-7f779fb29fc8	GET	/	undefined
20240311	14:37:09	545570bf-60dd-4c1c-b919-8d222d9f7eb9	GET	/register	undefined
20240311	14:37:24	23028030-ca5f-4e22-940c-5163d4da50bc	POST	/register	undefined
20240311	14:38:07	68b4ee13-78e2-4b49-a7b1-cb8d3954b9de	POST	/register	undefined
20240311	14:38:45	d39cfecb-ba12-4e56-ae37-7a3e924bb103	POST	/login	undefined
20240311	14:43:44	ba6dfa5f-149d-4a3f-875f-1bdada375efa	POST	/register	undefined
20240311	14:44:01	dd02279c-6675-4773-af5c-5c4ae7e90be7	POST	/register	undefined
20240311	14:44:46	dfad566d-16ad-448d-9597-26fc2d6538bb	POST	/register	undefined
20240311	14:46:26	980e2a8f-6e77-43c8-8709-01edabd2830e	POST	/register	undefined
20240311	14:48:41	995c042f-750c-472c-a2b4-e5206b15cad8	POST	/register	undefined
20240311	14:49:41	e28114cb-8acc-4a2e-939f-cdcb693d4cd5	POST	/register	undefined
20240311	14:50:36	77feea94-55c5-4ef3-85f3-92d85e2bd7c0	POST	/register	undefined
20240311	14:51:31	a4b510bb-951d-4820-8052-5cebfa68ee36	POST	/login	undefined
20240311	14:52:04	caebcfa0-c0e5-4890-8eea-ad687f7e537f	POST	/login	undefined
20240311	14:52:11	27c4dcc7-3936-4c34-b731-3722d314b27e	POST	/login	undefined
20240311	15:01:52	e098d5d0-c7e6-4929-8b94-aff88a443b4f	POST	/login	undefined
20240311	15:17:12	a68eb2f2-99d3-4337-a462-65b8f4c9edef	GET	/65eefc80c8426a4887472415	undefined
20240311	15:17:28	8e2da9b5-b0ad-4a41-9df0-adbe9483e3c3	GET	/id=65eefc80c8426a4887472415	undefined
20240311	15:17:47	c87e6b3e-bdcf-48f5-a82b-b6b027aa7f0d	GET	/?id=65eefc80c8426a4887472415	undefined
20240311	15:19:42	b0cbfa69-4202-4ef5-8734-707eea8a1ef2	GET	/?id=65eefc80c8426a4887472415	undefined
20240311	15:30:46	7f182238-6b50-469c-9ff0-7e672fe91216	GET	/login	undefined
20240311	15:30:58	25fa3eda-91d0-4a97-834f-ebe54aea0ee5	POST	/login	undefined
20240311	15:31:20	6cc524a9-34aa-4f42-9306-fabbb64e5f4e	GET	/users/65eefc80c8426a4887472415	undefined
20240311	15:34:26	71a6e76f-75c7-4e93-9cf6-48cbae39f805	GET	/users/65eefc80c8426a4887472415	undefined
20240311	15:35:07	40e10eb8-ed4c-43d5-8738-0ef4b6bf5310	GET	/users/?id=65eefc80c8426a4887472415	undefined
20240311	15:35:34	a870a6a5-d41d-4c7b-a17a-853335afb7a3	GET	/users/?id=65eefc80c8426a4887472415	undefined
20240311	15:38:48	b18d5b1b-bbb6-4d65-9481-94f4a1a0a331	GET	/users/?id=65eefc80c8426a4887472415	undefined
20240311	15:52:23	2728ca1e-457d-4234-aca9-ff11534128f9	GET	/users/?id=65eefc80c8426a4887472415	undefined
20240311	15:52:41	12a8c3e4-f805-4a21-9f4b-cfaae9a4adfb	POST	/login	undefined
20240311	15:53:25	8c7eaba6-10aa-4da9-93e8-aa61d2606174	GET	/users/?id=65eefc80c8426a4887472415	undefined
20240311	15:53:25	8590106d-3d6d-4038-bb5f-6c60c4362539	GET	/users/?id=65eefc80c8426a4887472415	undefined
20240311	15:57:32	fe72283e-3a84-4c33-9099-ad2125f07671	GET	/users/?id=65eefc80c8426a4887472415	undefined
20240311	15:57:48	37e3fc91-24b5-469b-ab29-e5d5792f3123	GET	/users/	undefined
20240311	15:58:21	b568b64e-5ae3-4f32-b716-f5683082214f	GET	/users/	undefined
20240311	15:58:33	2de6cdb1-5f8f-4379-b3a4-dfaa51b83b8f	GET	/users/	undefined
20240311	15:58:35	738dd467-f7c8-490c-a09f-bf8d90b22fb5	GET	/users/	undefined
20240311	16:00:37	6cbdd1ed-5e16-4d52-95bc-ccfc67124610	GET	/users/	undefined
20240311	16:01:50	7d6c4efe-a20d-432f-b9e2-0bdc08382383	GET	/users/	undefined
20240311	16:01:52	7516bdfe-5825-4325-80ce-de9b5f7b46e0	GET	/users/	undefined
20240311	16:02:46	0987d2e8-7bd5-4e03-aa5a-dc253ddeff88	GET	/users/	undefined
20240311	16:02:54	c166e058-b2c5-4fef-84f4-0e22598c2469	GET	/users/	undefined
20240311	16:03:25	e457e4eb-ee58-4f6a-846f-5bc8699a4e1e	GET	/users/?id=65eefc80c8426a4887472415	undefined
20240311	16:03:26	19632dfe-6451-4225-bc42-febf637425b0	GET	/users/?id=65eefc80c8426a4887472415	undefined
20240311	16:03:33	7ff1f4e6-4d9a-479e-9a43-5b0abe46ad05	POST	/login	undefined
20240311	16:03:34	1c216cd0-889f-4a66-aa01-18d90f069ef9	POST	/login	undefined
20240311	16:07:22	76fa9bac-a4f8-4cfe-b671-3abad7719ad3	GET	/users/?id=65eefc80c8426a4887472415	undefined
20240311	16:07:47	1d1eca31-4a8d-4e9d-88ce-5fc96356fd00	GET	/users/?id=65eefc80c8426a4887472415	undefined
20240311	16:07:47	897dfded-9cad-406f-b8b9-305cd56c972a	GET	/users/?id=65eefc80c8426a4887472415	undefined
20240311	16:07:58	85544e16-f21f-4b3e-a1b7-aae9e35d1619	GET	/users/?id=65eefc80c8426a4887472415&token=eyJhbGciOiJIUzI1NiJ9.e30.jEiI1inCty7e5ILECAG1nAioQD_w4yKHTG0Bi_sizgg	undefined
20240311	16:08:05	6f0ec652-6344-4838-80a6-6fec1e550ac7	GET	/users/?id=65eefc80c8426a4887472415	undefined
20240311	16:09:56	dc9b55e0-b57a-4a7d-a924-20000efae7bd	GET	/users/?id=65eefc80c8426a4887472415	undefined
20240311	16:10:26	d69aa333-3e2d-4c1d-b5d3-3e55abc2fb81	GET	/users/?id=65eefc80c8426a4887472415	undefined
20240311	16:11:16	d7d2aecd-ade2-4ce7-adba-ca7ed3409980	GET	/users/?id=65eefc80c8426a4887472415	undefined
20240311	16:11:19	98ca6b69-c9bf-4680-93e8-35606c8a29e6	GET	/users/?id=65eefc80c8426a4887472415	undefined
20240311	16:11:57	93ec2943-8dd1-4728-9978-95b9756de6c0	GET	/users/?id=65eefc80c8426a4887472415	undefined
20240311	16:11:58	4c7dc9c1-205e-436b-afdb-3b0065afdb70	GET	/users/?id=65eefc80c8426a4887472415	undefined
20240311	16:12:04	611d36e0-eb4f-4b54-bcc8-78ac738e6e55	GET	/users/?id=65eefc80c8426a4887472415	undefined
20240311	16:12:19	6fb18eea-9a25-455f-a920-c9fbcc76bb2e	GET	/users/?id=65eefc80c8426a4887472415	undefined
20240311	16:12:49	2f3ca080-a451-4945-981a-1f9ac9e3ecfb	GET	/users/?id=65eefc80c8426a4887472415	undefined
20240311	16:13:00	1afc1ef4-1851-46e2-a2c6-ef7413c5771f	GET	/users/	undefined
20240311	16:13:29	f4ecbd30-4424-417e-869f-f21ec4deb0e0	GET	/users/	undefined
20240311	16:14:02	c9ef6303-1f7a-482b-8cb6-d79e57a57a84	GET	/users?id=65eefc80c8426a4887472415	undefined
20240311	16:14:04	067f5933-79fa-4e38-b0ab-9958c617cea4	GET	/users?id=65eefc80c8426a4887472415	undefined
20240311	16:14:28	4b9d82ab-2f1d-4c5d-8641-aac6b7be4633	GET	/users/?id=65eefc80c8426a4887472415	undefined
20240311	16:15:43	91b34049-b58a-4541-952c-766027fce4a1	GET	/	undefined
20240311	16:15:48	f03603e5-25be-4ca1-a0bd-fbec65d46438	POST	/login	undefined
20240311	16:16:04	d83a2cdb-15c0-4f0f-a86f-5f77af31d689	GET	/	undefined
20240311	16:16:18	f2039b3f-28cf-4029-8d20-b9705802a095	GET	/user	undefined
20240311	16:16:47	b1b7b481-4505-412e-baa2-250d45fa3a05	GET	/user	undefined
20240311	16:17:25	0cf8f249-b0f4-4efa-b21a-88d77a09b0a6	GET	/user	undefined
20240311	16:17:46	9535b6a2-599d-472c-a49c-6c4503c03221	GET	/user	undefined
20240311	16:18:10	a2eda87b-1150-4d44-ba4d-e469132af9f1	GET	/user	undefined
20240311	16:18:11	d490ed15-369d-4208-bb02-638181857063	GET	/user	undefined
20240311	16:18:19	78f1ccd0-5b47-474b-9864-2a349258aee1	GET	/users	undefined
20240311	16:20:03	5f9e70ab-843f-46ad-9b99-cf4e731796b6	GET	/users/?id=65eefc80c8426a4887472415	undefined
20240311	16:21:44	abb98e11-04f0-4cf1-b05d-88039cc35ff2	GET	/users/?id=65eefc80c8426a4887472415	undefined
20240311	16:24:02	0841c337-89db-44b6-806f-dae5cc03c6f7	GET	/users/?id=65eefc80c8426a4887472415	undefined
20240311	16:24:06	71ddcd1f-3631-4448-98f7-01af67e67f97	GET	/users/?id=65eefc80c8426a4887472415	undefined
20240311	16:24:07	62c99774-b648-44ee-b3ff-4eeaf1faa755	GET	/users/?id=65eefc80c8426a4887472415	undefined
20240311	16:24:07	6fb4b087-920e-40b6-86d6-f9bed0b4fd51	GET	/users/?id=65eefc80c8426a4887472415	undefined
20240311	16:24:30	e0ced858-45b4-482a-8fec-feb3743b1b93	GET	/users/?id=65eefc80c8426a4887472415	undefined
20240311	16:24:35	304aa445-165b-458a-935d-6f168a645721	GET	/users/?id=65eefc80c8426a4887472415	undefined
20240311	16:25:23	f995e60b-715d-45d8-9d74-c1bfbf05a93a	GET	/users/?id=65eefc80c8426a4887472415	undefined
20240311	16:25:48	66b36c2a-23a0-4c08-9c6f-c245b09f38f4	GET	/users/?id=65eefc80c8426a4887472415	undefined
20240311	16:25:49	97bbba12-64a5-4a01-a29f-182a48d29389	GET	/users/?id=65eefc80c8426a4887472415	undefined
20240311	16:26:09	b14a08f8-9718-4045-8529-fa78759c4bc9	GET	/users/?id=65eefc80c8426a4887472415	undefined
20240311	16:31:23	61a2d62b-ad47-4166-8fba-5bf571bd3899	GET	/users	undefined
20240311	16:33:34	cbfd3f52-30ee-4401-846a-26478cf03e19	GET	/users	undefined
20240311	16:35:18	547e0537-eb42-4031-b27a-579524f0251b	GET	/users	undefined
20240311	16:35:45	2a1b6062-3202-4e51-804c-3693feb2f3b3	GET	/users	undefined
20240311	16:35:45	d8e03ae2-3537-4d2d-add7-b508ff06ee11	GET	/users	undefined
20240311	16:37:56	34c44a46-0455-419b-b97d-ffb2d01b6893	GET	/users	undefined
20240311	16:39:22	5ecd3118-f084-4e6b-a048-402b045ea89c	GET	/users	undefined
20240311	16:39:23	06ce54b0-6e37-4e92-9a68-dcbe69d8ffec	GET	/users	undefined
20240311	16:39:40	f151f79a-7d0b-42c3-a3d5-7ad5910d631b	GET	/users/?id=65eefc80c8426a4887472415	undefined
20240311	16:39:41	7b104a23-b9a0-442d-974e-2c52d007d6a8	GET	/users/?id=65eefc80c8426a4887472415	undefined
20240311	16:40:00	392a8725-1a3a-40a2-b56c-36031b6ad257	GET	/users/?id=65eefc80c8426a4887472415	undefined
20240311	16:40:01	cfd48e2e-25bf-439d-a983-b39890716c61	GET	/users/?id=65eefc80c8426a4887472415	undefined
20240311	16:40:02	ebd38f69-4e77-41c6-9a36-7a79f319f8ee	GET	/users/?id=65eefc80c8426a4887472415	undefined
20240311	16:40:13	13a73778-bf17-48de-8762-10002427d402	GET	/users/?id=65eefc80c8426a4887472415	undefined
20240311	16:41:01	fb7a88a9-a56d-45bc-8033-d14d47f3bc0a	GET	/users/?id=65eefc80c8426a4887472415	undefined
20240311	16:41:02	c301b03c-57d1-4d51-a33c-a851b06a81c1	GET	/users/?id=65eefc80c8426a4887472415	undefined
20240311	16:43:16	651d339a-cee5-476f-91b8-7bcfbfb8ab64	GET	/users/?id=65eefc80c8426a4887472415	undefined
20240311	16:44:59	47485757-c964-474f-bc93-68970b5ed4cc	GET	/users/?id=65eefc80c8426a4887472415	undefined
20240311	16:45:36	1aee2c97-e838-454e-836e-b3577ae8aaeb	GET	/users/65eefc80c8426a4887472415	undefined
20240311	16:47:46	65afcdc3-0b6f-4de2-8d34-62cc5b63d880	GET	/users/65eefc80c8426a4887472415	undefined
